0 info it worked if it ends with ok
1 verbose cli [ 'node',
1 verbose cli   '/home/ubuntu/.nvm/v0.10.35/bin/npm',
1 verbose cli   'version',
1 verbose cli   'patch' ]
2 info using npm@2.12.0
3 info using node@v0.10.35
4 info preversion @cloudynetwork/howto@1.0.1
5 info git [ 'status', '--porcelain' ]
6 verbose stack Error: Error: Git working directory not clean.
6 verbose stack D README
6 verbose stack M npm-debug.log
6 verbose stack     at /home/ubuntu/.nvm/v0.10.35/lib/node_modules/npm/lib/version.js:71:23
6 verbose stack     at /home/ubuntu/.nvm/v0.10.35/lib/node_modules/npm/lib/version.js:151:34
6 verbose stack     at ChildProcess.exithandler (child_process.js:656:7)
6 verbose stack     at ChildProcess.emit (events.js:98:17)
6 verbose stack     at maybeClose (child_process.js:766:16)
6 verbose stack     at Socket.<anonymous> (child_process.js:979:11)
6 verbose stack     at Socket.emit (events.js:95:17)
6 verbose stack     at Pipe.close (net.js:466:12)
7 verbose cwd /home/ubuntu/workspace/howto
8 error Linux 3.14.13-c9
9 error argv "node" "/home/ubuntu/.nvm/v0.10.35/bin/npm" "version" "patch"
10 error node v0.10.35
11 error npm  v2.12.0
12 error Error: Git working directory not clean.
12 error D README
12 error M npm-debug.log
13 error If you need help, you may report this error at:
13 error     <https://github.com/npm/npm/issues>
14 verbose exit [ 1, true ]
